app/build/intermediates/manifest_merge_blame_file/debug/manifest-merger-blame-debug-report.txt
1<?xml version="1.0" encoding="utf-8"?>
2<manifest xmlns:android="http://schemas.android.com/apk/res/android"
3    package="com.example.medical"
4    android:versionCode="1"
5    android:versionName="1.0" >
6
7    <uses-sdk
8        android:minSdkVersion="21"
8-->src\main\AndroidManifest.xml
9        android:targetSdkVersion="30" />
9-->src\main\AndroidManifest.xml
10
11    <uses-permission android:name="android.permission.INTERNET" />
11-->[com.daimajia.slider:library:1.1.5] AndroidManifest.xml:11:5-67
11-->[com.daimajia.slider:library:1.1.5] AndroidManifest.xml:11:22-64
12    <uses-permission android:name="android.permission.WRITE_EXTERNAL_STORAGE" />
12-->[com.daimajia.slider:library:1.1.5] AndroidManifest.xml:12:5-81
12-->[com.daimajia.slider:library:1.1.5] AndroidManifest.xml:12:22-78
13    <uses-permission android:name="android.permission.READ_EXTERNAL_STORAGE" />
14
15    <application
15-->src\main\AndroidManifest.xml:5:5-45:19
16        android:allowBackup="true"
16-->src\main\AndroidManifest.xml:6:9-35
17        android:appComponentFactory="androidx.core.app.CoreComponentFactory"
17-->[androidx.core:core:1.3.1] AndroidManifest.xml:24:18-86
18        android:debuggable="true"
19        android:icon="@mipmap/ic_launcher"
19-->src\main\AndroidManifest.xml:7:9-43
20        android:label="@string/app_name"
20-->src\main\AndroidManifest.xml:8:9-41
21        android:roundIcon="@mipmap/ic_launcher"
21-->src\main\AndroidManifest.xml:9:9-48
22        android:supportsRtl="true"
22-->src\main\AndroidManifest.xml:10:9-35
23        android:testOnly="true"
24        android:theme="@style/AppTheme" >
24-->src\main\AndroidManifest.xml:11:9-40
25        <activity android:name="com.example.medical.WishlistActivity" />
25-->src\main\AndroidManifest.xml:12:9-63
25-->src\main\AndroidManifest.xml:12:19-51
26        <activity android:name="com.example.medical.PrivacyTermsAboutActivity" />
26-->src\main\AndroidManifest.xml:13:9-63
26-->src\main\AndroidManifest.xml:13:19-60
27        <activity android:name="com.example.medical.UpdateDeliveryLocationActivity" />
27-->src\main\AndroidManifest.xml:14:9-68
27-->src\main\AndroidManifest.xml:14:19-65
28        <activity android:name="com.example.medical.UserProfileActivity" />
28-->src\main\AndroidManifest.xml:15:9-57
28-->src\main\AndroidManifest.xml:15:19-54
29        <activity android:name="com.example.medical.CustomerSupportActivity" />
29-->src\main\AndroidManifest.xml:16:9-61
29-->src\main\AndroidManifest.xml:16:19-58
30        <activity android:name="com.example.medical.MyOrderActivity" />
30-->src\main\AndroidManifest.xml:17:9-53
30-->src\main\AndroidManifest.xml:17:19-50
31        <activity android:name="com.example.medical.CheckoutActivity" />
31-->src\main\AndroidManifest.xml:18:9-54
31-->src\main\AndroidManifest.xml:18:19-51
32        <activity android:name="com.example.medical.ProductDetailActivity" />
32-->src\main\AndroidManifest.xml:19:9-59
32-->src\main\AndroidManifest.xml:19:19-56
33        <activity android:name="com.example.medical.ProductListActivity" />
33-->src\main\AndroidManifest.xml:20:9-57
33-->src\main\AndroidManifest.xml:20:19-54
34        <activity android:name="com.example.medical.SubcategoryActivity" />
34-->src\main\AndroidManifest.xml:21:9-57
34-->src\main\AndroidManifest.xml:21:19-54
35        <activity android:name="com.example.medical.SplashScreenActivity" >
35-->src\main\AndroidManifest.xml:22:9-29:20
35-->src\main\AndroidManifest.xml:22:19-55
36            <intent-filter>
36-->src\main\AndroidManifest.xml:24:13-28:29
37                <action android:name="android.intent.action.MAIN" />
37-->src\main\AndroidManifest.xml:25:17-69
37-->src\main\AndroidManifest.xml:25:25-66
38
39                <category android:name="android.intent.category.LAUNCHER" />
39-->src\main\AndroidManifest.xml:27:17-77
39-->src\main\AndroidManifest.xml:27:27-74
40            </intent-filter>
41        </activity>
42        <activity android:name="com.example.medical.SignUpActivity" >
42-->src\main\AndroidManifest.xml:30:9-31:20
42-->src\main\AndroidManifest.xml:30:19-49
43        </activity>
44        <activity android:name="com.example.medical.LoginActivity" />
44-->src\main\AndroidManifest.xml:32:9-51
44-->src\main\AndroidManifest.xml:32:19-48
45        <activity android:name="com.example.medical.DashboardActivity" >
45-->src\main\AndroidManifest.xml:33:9-40:20
45-->src\main\AndroidManifest.xml:34:13-46
46
47            <!--
48            <intent-filter>
49                <action android:name="android.intent.action.MAIN" />
50
51                <category android:name="android.intent.category.LAUNCHER" />
52            </intent-filter>
53            -->
54        </activity>
55
56        <meta-data
56-->src\main\AndroidManifest.xml:42:9-44:57
57            android:name="preloaded_fonts"
57-->src\main\AndroidManifest.xml:43:13-43
58            android:resource="@array/preloaded_fonts" />
58-->src\main\AndroidManifest.xml:44:13-54
59
60        <provider
60-->[androidx.lifecycle:lifecycle-process:2.2.0] AndroidManifest.xml:25:9-29:43
61            android:name="androidx.lifecycle.ProcessLifecycleOwnerInitializer"
61-->[androidx.lifecycle:lifecycle-process:2.2.0] AndroidManifest.xml:26:13-79
62            android:authorities="com.example.medical.lifecycle-process"
62-->[androidx.lifecycle:lifecycle-process:2.2.0] AndroidManifest.xml:27:13-69
63            android:exported="false"
63-->[androidx.lifecycle:lifecycle-process:2.2.0] AndroidManifest.xml:28:13-37
64            android:multiprocess="true" />
64-->[androidx.lifecycle:lifecycle-process:2.2.0] AndroidManifest.xml:29:13-40
65    </application>
66
67</manifest>